<?xml version="1.0" encoding="utf-8"?><testsuites name="pytest tests"><testsuite name="pytest" errors="0" failures="0" skipped="0" tests="11" time="2.689" timestamp="2026-06-08T13:27:42.728163+00:00" hostname="agent-env-1844f4c2-be35-4107-b4d0-3f884dab86d7"><testcase classname="backend.tests.test_bilingual.TestProfileBilingual" name="test_public_profile_has_id_fields" time="0.293" /><testcase classname="backend.tests.test_bilingual.TestProfileBilingual" name="test_admin_profile_round_trip_preserves_bilingual" time="0.753" /><testcase classname="backend.tests.test_bilingual.TestCaseStudiesBilingual" name="test_each_seeded_case_has_bilingual[turikale-print]" time="0.142" /><testcase classname="backend.tests.test_bilingual.TestCaseStudiesBilingual" name="test_each_seeded_case_has_bilingual[koperasi-merah-putih]" time="0.166" /><testcase classname="backend.tests.test_bilingual.TestCaseStudiesBilingual" name="test_each_seeded_case_has_bilingual[tkmp-2024]" time="0.132" /><testcase classname="backend.tests.test_bilingual.TestCaseStudiesBilingual" name="test_each_seeded_case_has_bilingual[aidu-edtech]" time="0.142" /><testcase classname="backend.tests.test_bilingual.TestCaseStudiesBilingual" name="test_each_seeded_case_has_bilingual[gapura-digital]" time="0.146" /><testcase classname="backend.tests.test_bilingual.TestCaseStudiesBilingual" name="test_each_seeded_case_has_bilingual[umkm-jualan-online]" time="0.140" /><testcase classname="backend.tests.test_bilingual.TestCaseStudiesBilingual" name="test_each_seeded_case_has_bilingual[1000-startup-digital]" time="0.192" /><testcase classname="backend.tests.test_bilingual.TestCaseStudiesBilingual" name="test_turikale_specific_id_content" time="0.165" /><testcase classname="backend.tests.test_bilingual.TestCaseStudiesBilingual" name="test_admin_case_study_round_trip_preserves_bilingual" time="0.194" /></testsuite></testsuites>