<?xml version="1.0" encoding="utf-8"?><testsuites name="pytest tests"><testsuite name="pytest" errors="0" failures="0" skipped="0" tests="16" time="2.462" timestamp="2026-06-12T09:34:51.964881+00:00" hostname="agent-env-66675c93-2af6-42f1-81b2-1ad8c0431127"><testcase classname="backend.tests.test_testimonials.TestAuth" name="test_login_sets_cookies_and_returns_user" time="0.511" /><testcase classname="backend.tests.test_testimonials.TestAuth" name="test_me_requires_cookies" time="0.489" /><testcase classname="backend.tests.test_testimonials.TestPublicTestimonials" name="test_list_public" time="0.095" /><testcase classname="backend.tests.test_testimonials.TestAdminTestimonialsGuard" name="test_list_requires_auth" time="0.125" /><testcase classname="backend.tests.test_testimonials.TestAdminTestimonialsGuard" name="test_create_requires_auth" time="0.143" /><testcase classname="backend.tests.test_testimonials.TestAdminTestimonialsGuard" name="test_update_requires_auth" time="0.137" /><testcase classname="backend.tests.test_testimonials.TestAdminTestimonialsGuard" name="test_delete_requires_auth" time="0.099" /><testcase classname="backend.tests.test_testimonials.TestAdminTestimonialsCRUD" name="test_admin_list" time="0.045" /><testcase classname="backend.tests.test_testimonials.TestAdminTestimonialsCRUD" name="test_create_auto_bumps_sort_order" time="0.125" /><testcase classname="backend.tests.test_testimonials.TestAdminTestimonialsCRUD" name="test_update_partial" time="0.088" /><testcase classname="backend.tests.test_testimonials.TestAdminTestimonialsCRUD" name="test_update_unknown_404" time="0.043" /><testcase classname="backend.tests.test_testimonials.TestAdminTestimonialsCRUD" name="test_delete" time="0.126" /><testcase classname="backend.tests.test_testimonials.TestAdminTestimonialsCRUD" name="test_delete_unknown_404" time="0.046" /><testcase classname="backend.tests.test_testimonials.TestRegressionAdmin" name="test_profile_get" time="0.045" /><testcase classname="backend.tests.test_testimonials.TestRegressionAdmin" name="test_case_studies_get" time="0.047" /><testcase classname="backend.tests.test_testimonials.TestRegressionAdmin" name="test_contacts_get" time="0.043" /></testsuite></testsuites>