<?xml version="1.0" encoding="utf-8"?><testsuites name="pytest tests"><testsuite name="pytest" errors="0" failures="1" skipped="0" tests="28" time="8.572" timestamp="2026-06-08T12:41:14.792226+00:00" hostname="agent-env-1844f4c2-be35-4107-b4d0-3f884dab86d7"><testcase classname="backend.tests.test_portfolio_api.TestPublic" name="test_root" time="0.451" /><testcase classname="backend.tests.test_portfolio_api.TestPublic" name="test_profile_public" time="0.068" /><testcase classname="backend.tests.test_portfolio_api.TestPublic" name="test_categories" time="0.077" /><testcase classname="backend.tests.test_portfolio_api.TestPublic" name="test_case_studies_list_and_sort" time="0.060" /><testcase classname="backend.tests.test_portfolio_api.TestPublic" name="test_case_study_by_id" time="0.133" /><testcase classname="backend.tests.test_portfolio_api.TestPublic" name="test_contact_create_and_validation" time="0.146" /><testcase classname="backend.tests.test_portfolio_api.TestPublic" name="test_cv_download" time="0.122" /><testcase classname="backend.tests.test_portfolio_api.TestAuth" name="test_login_success_sets_cookies" time="0.695" /><testcase classname="backend.tests.test_portfolio_api.TestAuth" name="test_me_with_cookie" time="0.641" /><testcase classname="backend.tests.test_portfolio_api.TestAuth" name="test_me_without_cookie" time="0.167" /><testcase classname="backend.tests.test_portfolio_api.TestAuth" name="test_logout_clears_cookies" time="0.651" /><testcase classname="backend.tests.test_portfolio_api.TestAuth" name="test_wrong_password_returns_401" time="0.454" /><testcase classname="backend.tests.test_portfolio_api.TestAuth" name="test_brute_force_lockout" time="0.472"><failure message="AssertionError: Expected 429 in [401, 401, 401, 401, 401, 401]&#10;assert 429 in [401, 401, 401, 401, 401, 401]">backend/tests/test_portfolio_api.py:169: in test_brute_force_lockout
    assert 429 in codes, f"Expected 429 in {codes}"
E   AssertionError: Expected 429 in [401, 401, 401, 401, 401, 401]
E   assert 429 in [401, 401, 401, 401, 401, 401]</failure></testcase><testcase classname="backend.tests.test_portfolio_api.TestAdminAuthGuard" name="test_requires_auth_get[/admin/profile]" time="0.189" /><testcase classname="backend.tests.test_portfolio_api.TestAdminAuthGuard" name="test_requires_auth_get[/admin/case-studies]" time="0.174" /><testcase classname="backend.tests.test_portfolio_api.TestAdminAuthGuard" name="test_requires_auth_get[/admin/contacts]" time="0.172" /><testcase classname="backend.tests.test_portfolio_api.TestAdminAuthGuard" name="test_admin_profile_get_with_auth" time="0.069" /><testcase classname="backend.tests.test_portfolio_api.TestAdminAuthGuard" name="test_admin_update_profile_reflects_public" time="0.176" /><testcase classname="backend.tests.test_portfolio_api.TestAdminCaseStudies" name="test_create_case_study" time="0.130" /><testcase classname="backend.tests.test_portfolio_api.TestAdminCaseStudies" name="test_update_case_study" time="0.136" /><testcase classname="backend.tests.test_portfolio_api.TestAdminCaseStudies" name="test_delete_case_study" time="0.118" /><testcase classname="backend.tests.test_portfolio_api.TestAdminUploads" name="test_upload_image_ok" time="0.379" /><testcase classname="backend.tests.test_portfolio_api.TestAdminUploads" name="test_upload_image_rejects_text" time="0.164" /><testcase classname="backend.tests.test_portfolio_api.TestAdminUploads" name="test_upload_image_too_large" time="0.618" /><testcase classname="backend.tests.test_portfolio_api.TestAdminUploads" name="test_upload_cv_pdf_ok_and_served" time="0.474" /><testcase classname="backend.tests.test_portfolio_api.TestAdminUploads" name="test_upload_cv_rejects_non_pdf" time="0.174" /><testcase classname="backend.tests.test_portfolio_api.TestAdminContacts" name="test_contacts_requires_auth" time="0.205" /><testcase classname="backend.tests.test_portfolio_api.TestAdminContacts" name="test_contacts_listed_after_submit" time="0.181" /></testsuite></testsuites>