<?xml version="1.0" encoding="utf-8"?><testsuites name="pytest tests"><testsuite name="pytest" errors="0" failures="0" skipped="0" tests="13" time="1.307" timestamp="2026-06-08T06:20:43.735828+00:00" hostname="agent-env-1844f4c2-be35-4107-b4d0-3f884dab86d7"><testcase classname="backend.tests.test_portfolio_api" name="test_root" time="0.310" /><testcase classname="backend.tests.test_portfolio_api" name="test_categories" time="0.049" /><testcase classname="backend.tests.test_portfolio_api" name="test_list_case_studies" time="0.049" /><testcase classname="backend.tests.test_portfolio_api" name="test_list_case_studies_filter_all" time="0.046" /><testcase classname="backend.tests.test_portfolio_api" name="test_list_case_studies_filter_partnerships" time="0.050" /><testcase classname="backend.tests.test_portfolio_api" name="test_get_case_study_by_id" time="0.049" /><testcase classname="backend.tests.test_portfolio_api" name="test_get_case_study_not_found" time="0.047" /><testcase classname="backend.tests.test_portfolio_api" name="test_contact_create_and_persist" time="0.139" /><testcase classname="backend.tests.test_portfolio_api" name="test_contact_missing_fields" time="0.051" /><testcase classname="backend.tests.test_portfolio_api" name="test_contact_invalid_email" time="0.048" /><testcase classname="backend.tests.test_portfolio_api" name="test_contact_short_name" time="0.046" /><testcase classname="backend.tests.test_portfolio_api" name="test_contact_short_message" time="0.058" /><testcase classname="backend.tests.test_portfolio_api" name="test_cv_download" time="0.054" /></testsuite></testsuites>